 * Serving Flask app 'app'
 * Debug mode: on
[31m[1mWARNING: This is a development server. Do not use it in a production deployment. Use a production WSGI server instead.[0m
 * Running on http://127.0.0.1:5000
[33mPress CTRL+C to quit[0m
 * Restarting with stat
 * Debugger is active!
 * Debugger PIN: 490-379-382
127.0.0.1 - - [24/Apr/2026 10:42:36] "OPTIONS /api/categories HTTP/1.1" 200 -
127.0.0.1 - - [24/Apr/2026 10:42:36] "GET /api/categories HTTP/1.1" 200 -
127.0.0.1 - - [24/Apr/2026 10:42:50] "OPTIONS /user-login HTTP/1.1" 200 -
127.0.0.1 - - [24/Apr/2026 10:42:51] "POST /user-login HTTP/1.1" 200 -
127.0.0.1 - - [24/Apr/2026 10:42:51] "OPTIONS /api/products HTTP/1.1" 200 -
127.0.0.1 - - [24/Apr/2026 10:42:51] "GET /api/products HTTP/1.1" 200 -
127.0.0.1 - - [24/Apr/2026 10:42:55] "OPTIONS /api/product/1 HTTP/1.1" 200 -
127.0.0.1 - - [24/Apr/2026 10:42:55] "GET /api/product/1 HTTP/1.1" 200 -
127.0.0.1 - - [24/Apr/2026 10:42:55] "OPTIONS /api/categories HTTP/1.1" 200 -
127.0.0.1 - - [24/Apr/2026 10:42:55] "GET /api/categories HTTP/1.1" 200 -
127.0.0.1 - - [24/Apr/2026 10:43:00] "OPTIONS /api/product/1 HTTP/1.1" 200 -
127.0.0.1 - - [24/Apr/2026 10:43:00] "PUT /api/product/1 HTTP/1.1" 200 -
127.0.0.1 - - [24/Apr/2026 10:43:00] "OPTIONS /api/products HTTP/1.1" 200 -
127.0.0.1 - - [24/Apr/2026 10:43:00] "GET /api/products HTTP/1.1" 200 -
127.0.0.1 - - [24/Apr/2026 10:43:08] "OPTIONS /api/product/1 HTTP/1.1" 200 -
127.0.0.1 - - [24/Apr/2026 10:43:08] "DELETE /api/product/1 HTTP/1.1" 200 -
127.0.0.1 - - [24/Apr/2026 10:43:08] "OPTIONS /api/products HTTP/1.1" 200 -
127.0.0.1 - - [24/Apr/2026 10:43:08] "GET /api/products HTTP/1.1" 200 -
127.0.0.1 - - [24/Apr/2026 10:43:17] "OPTIONS /api/product/1 HTTP/1.1" 200 -
127.0.0.1 - - [24/Apr/2026 10:43:17] "DELETE /api/product/1 HTTP/1.1" 200 -
127.0.0.1 - - [24/Apr/2026 10:43:18] "OPTIONS /api/products HTTP/1.1" 200 -
127.0.0.1 - - [24/Apr/2026 10:43:18] "GET /api/products HTTP/1.1" 200 -
127.0.0.1 - - [24/Apr/2026 10:43:21] "OPTIONS /api/product/6 HTTP/1.1" 200 -
127.0.0.1 - - [24/Apr/2026 10:43:21] "DELETE /api/product/6 HTTP/1.1" 200 -
127.0.0.1 - - [24/Apr/2026 10:43:21] "[35m[1mGET /api/products HTTP/1.1[0m" 500 -
Traceback (most recent call last):
  File "/home/pranam/Desktop/Projects/GROCERY PRESENT/Grocery-Store-V2/backend/.venv/lib/python3.14/site-packages/flask/app.py", line 1478, in __call__
    return self.wsgi_app(environ, start_response)
           ~~~~~~~~~~~~~^^^^^^^^^^^^^^^^^^^^^^^^^
  File "/home/pranam/Desktop/Projects/GROCERY PRESENT/Grocery-Store-V2/backend/.venv/lib/python3.14/site-packages/flask/app.py", line 1458, in wsgi_app
    response = self.handle_exception(e)
  File "/home/pranam/Desktop/Projects/GROCERY PRESENT/Grocery-Store-V2/backend/.venv/lib/python3.14/site-packages/flask_restful/__init__.py", line 298, in error_router
    return original_handler(e)
  File "/home/pranam/Desktop/Projects/GROCERY PRESENT/Grocery-Store-V2/backend/.venv/lib/python3.14/site-packages/flask_cors/extension.py", line 176, in wrapped_function
    return cors_after_request(app.make_response(f(*args, **kwargs)))
                                                ~^^^^^^^^^^^^^^^^^
  File "/home/pranam/Desktop/Projects/GROCERY PRESENT/Grocery-Store-V2/backend/.venv/lib/python3.14/site-packages/flask_restful/__init__.py", line 295, in error_router
    return self.handle_error(e)
           ~~~~~~~~~~~~~~~~~^^^
  File "/home/pranam/Desktop/Projects/GROCERY PRESENT/Grocery-Store-V2/backend/.venv/lib/python3.14/site-packages/flask_restful/__init__.py", line 310, in handle_error
    _handle_flask_propagate_exceptions_config(current_app, e)
    ~~~~~~~~~~~~~~~~~~~~~~~~~~~~~~~~~~~~~~~~~^^^^^^^^^^^^^^^^
  File "/home/pranam/Desktop/Projects/GROCERY PRESENT/Grocery-Store-V2/backend/.venv/lib/python3.14/site-packages/flask/app.py", line 1455, in wsgi_app
    response = self.full_dispatch_request()
  File "/home/pranam/Desktop/Projects/GROCERY PRESENT/Grocery-Store-V2/backend/.venv/lib/python3.14/site-packages/flask/app.py", line 869, in full_dispatch_request
    rv = self.handle_user_exception(e)
  File "/home/pranam/Desktop/Projects/GROCERY PRESENT/Grocery-Store-V2/backend/.venv/lib/python3.14/site-packages/flask_restful/__init__.py", line 298, in error_router
    return original_handler(e)
  File "/home/pranam/Desktop/Projects/GROCERY PRESENT/Grocery-Store-V2/backend/.venv/lib/python3.14/site-packages/flask_cors/extension.py", line 176, in wrapped_function
    return cors_after_request(app.make_response(f(*args, **kwargs)))
                                                ~^^^^^^^^^^^^^^^^^
  File "/home/pranam/Desktop/Projects/GROCERY PRESENT/Grocery-Store-V2/backend/.venv/lib/python3.14/site-packages/flask_restful/__init__.py", line 295, in error_router
    return self.handle_error(e)
           ~~~~~~~~~~~~~~~~~^^^
  File "/home/pranam/Desktop/Projects/GROCERY PRESENT/Grocery-Store-V2/backend/.venv/lib/python3.14/site-packages/flask_restful/__init__.py", line 310, in handle_error
    _handle_flask_propagate_exceptions_config(current_app, e)
    ~~~~~~~~~~~~~~~~~~~~~~~~~~~~~~~~~~~~~~~~~^^^^^^^^^^^^^^^^
  File "/home/pranam/Desktop/Projects/GROCERY PRESENT/Grocery-Store-V2/backend/.venv/lib/python3.14/site-packages/flask/app.py", line 867, in full_dispatch_request
    rv = self.dispatch_request()
  File "/home/pranam/Desktop/Projects/GROCERY PRESENT/Grocery-Store-V2/backend/.venv/lib/python3.14/site-packages/flask/app.py", line 852, in dispatch_request
    return self.ensure_sync(self.view_functions[rule.endpoint])(**view_args)
           ~~~~~~~~~~~~~~~~~~~~~~~~~~~~~~~~~~~~~~~~~~~~~~~~~~~~^^^^^^^^^^^^^
  File "/home/pranam/Desktop/Projects/GROCERY PRESENT/Grocery-Store-V2/backend/.venv/lib/python3.14/site-packages/flask_restful/__init__.py", line 489, in wrapper
    resp = resource(*args, **kwargs)
  File "/home/pranam/Desktop/Projects/GROCERY PRESENT/Grocery-Store-V2/backend/.venv/lib/python3.14/site-packages/flask/views.py", line 109, in view
    return current_app.ensure_sync(self.dispatch_request)(**kwargs)
           ~~~~~~~~~~~~~~~~~~~~~~~~~~~~~~~~~~~~~~~~~~~~~~^^^^^^^^^^
  File "/home/pranam/Desktop/Projects/GROCERY PRESENT/Grocery-Store-V2/backend/.venv/lib/python3.14/site-packages/flask_restful/__init__.py", line 604, in dispatch_request
    resp = meth(*args, **kwargs)
  File "/home/pranam/Desktop/Projects/GROCERY PRESENT/Grocery-Store-V2/backend/.venv/lib/python3.14/site-packages/flask_restful/__init__.py", line 699, in wrapper
    return marshal(data, self.fields, self.envelope), code, headers
           ~~~~~~~^^^^^^^^^^^^^^^^^^^^^^^^^^^^^^^^^^
  File "/home/pranam/Desktop/Projects/GROCERY PRESENT/Grocery-Store-V2/backend/.venv/lib/python3.14/site-packages/flask_restful/__init__.py", line 652, in marshal
    if envelope else [marshal(d, fields) for d in data])
                      ~~~~~~~^^^^^^^^^^^
  File "/home/pranam/Desktop/Projects/GROCERY PRESENT/Grocery-Store-V2/backend/.venv/lib/python3.14/site-packages/flask_restful/__init__.py", line 657, in marshal
    return OrderedDict([(envelope, OrderedDict(items))]) if envelope else OrderedDict(items)
                                                                          ~~~~~~~~~~~^^^^^^^
  File "/home/pranam/Desktop/Projects/GROCERY PRESENT/Grocery-Store-V2/backend/.venv/lib/python3.14/site-packages/flask_restful/__init__.py", line 655, in <genexpr>
    else make(v).output(k, data))
         ~~~~~~~~~~~~~~^^^^^^^^^
  File "/home/pranam/Desktop/Projects/GROCERY PRESENT/Grocery-Store-V2/backend/.venv/lib/python3.14/site-packages/flask_restful/fields.py", line 118, in output
    value = get_value(key if self.attribute is None else self.attribute, obj)
  File "/home/pranam/Desktop/Projects/GROCERY PRESENT/Grocery-Store-V2/backend/.venv/lib/python3.14/site-packages/flask_restful/fields.py", line 40, in get_value
    return _get_value_for_keys(key.split('.'), obj, default)
  File "/home/pranam/Desktop/Projects/GROCERY PRESENT/Grocery-Store-V2/backend/.venv/lib/python3.14/site-packages/flask_restful/fields.py", line 45, in _get_value_for_keys
    return _get_value_for_key(keys[0], obj, default)
  File "/home/pranam/Desktop/Projects/GROCERY PRESENT/Grocery-Store-V2/backend/.venv/lib/python3.14/site-packages/flask_restful/fields.py", line 57, in _get_value_for_key
    return getattr(obj, key, default)
  File "/home/pranam/Desktop/Projects/GROCERY PRESENT/Grocery-Store-V2/backend/.venv/lib/python3.14/site-packages/sqlalchemy/orm/attributes.py", line 566, in __get__
    return self.impl.get(state, dict_)  # type: ignore[no-any-return]
           ~~~~~~~~~~~~~^^^^^^^^^^^^^^
  File "/home/pranam/Desktop/Projects/GROCERY PRESENT/Grocery-Store-V2/backend/.venv/lib/python3.14/site-packages/sqlalchemy/orm/attributes.py", line 1086, in get
    value = self._fire_loader_callables(state, key, passive)
  File "/home/pranam/Desktop/Projects/GROCERY PRESENT/Grocery-Store-V2/backend/.venv/lib/python3.14/site-packages/sqlalchemy/orm/attributes.py", line 1121, in _fire_loader_callables
    return self.callable_(state, passive)
           ~~~~~~~~~~~~~~^^^^^^^^^^^^^^^^
  File "/home/pranam/Desktop/Projects/GROCERY PRESENT/Grocery-Store-V2/backend/.venv/lib/python3.14/site-packages/sqlalchemy/orm/strategies.py", line 918, in _load_for_state
    raise orm_exc.DetachedInstanceError(
    ^
sqlalchemy.orm.exc.DetachedInstanceError: Parent instance <Product at 0x7fdf6e78f120> is not bound to a Session; lazy load operation of attribute 'creator' cannot proceed (Background on this error at: https://sqlalche.me/e/20/bhk3)
127.0.0.1 - - [24/Apr/2026 10:43:24] "OPTIONS /api/products HTTP/1.1" 200 -
127.0.0.1 - - [24/Apr/2026 10:43:24] "GET /api/products HTTP/1.1" 200 -
127.0.0.1 - - [24/Apr/2026 10:43:27] "OPTIONS /user-logout HTTP/1.1" 200 -
127.0.0.1 - - [24/Apr/2026 10:43:27] "GET /user-logout HTTP/1.1" 200 -
127.0.0.1 - - [24/Apr/2026 10:43:53] "OPTIONS /user-login HTTP/1.1" 200 -
127.0.0.1 - - [24/Apr/2026 10:43:53] "POST /user-login HTTP/1.1" 200 -
127.0.0.1 - - [24/Apr/2026 10:43:53] "OPTIONS /api/users HTTP/1.1" 200 -
127.0.0.1 - - [24/Apr/2026 10:43:53] "GET /api/users HTTP/1.1" 200 -
127.0.0.1 - - [24/Apr/2026 10:43:55] "OPTIONS /api/products HTTP/1.1" 200 -
127.0.0.1 - - [24/Apr/2026 10:43:55] "GET /api/products HTTP/1.1" 200 -
127.0.0.1 - - [24/Apr/2026 10:44:09] "OPTIONS /api/categories HTTP/1.1" 200 -
127.0.0.1 - - [24/Apr/2026 10:44:09] "GET /api/categories HTTP/1.1" 200 -
127.0.0.1 - - [24/Apr/2026 10:44:14] "OPTIONS /api/category/1 HTTP/1.1" 200 -
127.0.0.1 - - [24/Apr/2026 10:44:14] "GET /api/category/1 HTTP/1.1" 200 -
127.0.0.1 - - [24/Apr/2026 10:44:15] "OPTIONS /api/categories HTTP/1.1" 200 -
127.0.0.1 - - [24/Apr/2026 10:44:15] "GET /api/categories HTTP/1.1" 200 -
127.0.0.1 - - [24/Apr/2026 10:44:17] "OPTIONS /api/products HTTP/1.1" 200 -
127.0.0.1 - - [24/Apr/2026 10:44:17] "[35m[1mGET /api/products HTTP/1.1[0m" 500 -
Traceback (most recent call last):
  File "/home/pranam/Desktop/Projects/GROCERY PRESENT/Grocery-Store-V2/backend/.venv/lib/python3.14/site-packages/flask/app.py", line 1478, in __call__
    return self.wsgi_app(environ, start_response)
           ~~~~~~~~~~~~~^^^^^^^^^^^^^^^^^^^^^^^^^
  File "/home/pranam/Desktop/Projects/GROCERY PRESENT/Grocery-Store-V2/backend/.venv/lib/python3.14/site-packages/flask/app.py", line 1458, in wsgi_app
    response = self.handle_exception(e)
  File "/home/pranam/Desktop/Projects/GROCERY PRESENT/Grocery-Store-V2/backend/.venv/lib/python3.14/site-packages/flask_restful/__init__.py", line 298, in error_router
    return original_handler(e)
  File "/home/pranam/Desktop/Projects/GROCERY PRESENT/Grocery-Store-V2/backend/.venv/lib/python3.14/site-packages/flask_cors/extension.py", line 176, in wrapped_function
    return cors_after_request(app.make_response(f(*args, **kwargs)))
                                                ~^^^^^^^^^^^^^^^^^
  File "/home/pranam/Desktop/Projects/GROCERY PRESENT/Grocery-Store-V2/backend/.venv/lib/python3.14/site-packages/flask_restful/__init__.py", line 295, in error_router
    return self.handle_error(e)
           ~~~~~~~~~~~~~~~~~^^^
  File "/home/pranam/Desktop/Projects/GROCERY PRESENT/Grocery-Store-V2/backend/.venv/lib/python3.14/site-packages/flask_restful/__init__.py", line 310, in handle_error
    _handle_flask_propagate_exceptions_config(current_app, e)
    ~~~~~~~~~~~~~~~~~~~~~~~~~~~~~~~~~~~~~~~~~^^^^^^^^^^^^^^^^
  File "/home/pranam/Desktop/Projects/GROCERY PRESENT/Grocery-Store-V2/backend/.venv/lib/python3.14/site-packages/flask/app.py", line 1455, in wsgi_app
    response = self.full_dispatch_request()
  File "/home/pranam/Desktop/Projects/GROCERY PRESENT/Grocery-Store-V2/backend/.venv/lib/python3.14/site-packages/flask/app.py", line 869, in full_dispatch_request
    rv = self.handle_user_exception(e)
  File "/home/pranam/Desktop/Projects/GROCERY PRESENT/Grocery-Store-V2/backend/.venv/lib/python3.14/site-packages/flask_restful/__init__.py", line 298, in error_router
    return original_handler(e)
  File "/home/pranam/Desktop/Projects/GROCERY PRESENT/Grocery-Store-V2/backend/.venv/lib/python3.14/site-packages/flask_cors/extension.py", line 176, in wrapped_function
    return cors_after_request(app.make_response(f(*args, **kwargs)))
                                                ~^^^^^^^^^^^^^^^^^
  File "/home/pranam/Desktop/Projects/GROCERY PRESENT/Grocery-Store-V2/backend/.venv/lib/python3.14/site-packages/flask_restful/__init__.py", line 295, in error_router
    return self.handle_error(e)
           ~~~~~~~~~~~~~~~~~^^^
  File "/home/pranam/Desktop/Projects/GROCERY PRESENT/Grocery-Store-V2/backend/.venv/lib/python3.14/site-packages/flask_restful/__init__.py", line 310, in handle_error
    _handle_flask_propagate_exceptions_config(current_app, e)
    ~~~~~~~~~~~~~~~~~~~~~~~~~~~~~~~~~~~~~~~~~^^^^^^^^^^^^^^^^
  File "/home/pranam/Desktop/Projects/GROCERY PRESENT/Grocery-Store-V2/backend/.venv/lib/python3.14/site-packages/flask/app.py", line 867, in full_dispatch_request
    rv = self.dispatch_request()
  File "/home/pranam/Desktop/Projects/GROCERY PRESENT/Grocery-Store-V2/backend/.venv/lib/python3.14/site-packages/flask/app.py", line 852, in dispatch_request
    return self.ensure_sync(self.view_functions[rule.endpoint])(**view_args)
           ~~~~~~~~~~~~~~~~~~~~~~~~~~~~~~~~~~~~~~~~~~~~~~~~~~~~^^^^^^^^^^^^^
  File "/home/pranam/Desktop/Projects/GROCERY PRESENT/Grocery-Store-V2/backend/.venv/lib/python3.14/site-packages/flask_restful/__init__.py", line 489, in wrapper
    resp = resource(*args, **kwargs)
  File "/home/pranam/Desktop/Projects/GROCERY PRESENT/Grocery-Store-V2/backend/.venv/lib/python3.14/site-packages/flask/views.py", line 109, in view
    return current_app.ensure_sync(self.dispatch_request)(**kwargs)
           ~~~~~~~~~~~~~~~~~~~~~~~~~~~~~~~~~~~~~~~~~~~~~~^^^^^^^^^^
  File "/home/pranam/Desktop/Projects/GROCERY PRESENT/Grocery-Store-V2/backend/.venv/lib/python3.14/site-packages/flask_restful/__init__.py", line 604, in dispatch_request
    resp = meth(*args, **kwargs)
  File "/home/pranam/Desktop/Projects/GROCERY PRESENT/Grocery-Store-V2/backend/.venv/lib/python3.14/site-packages/flask_restful/__init__.py", line 699, in wrapper
    return marshal(data, self.fields, self.envelope), code, headers
           ~~~~~~~^^^^^^^^^^^^^^^^^^^^^^^^^^^^^^^^^^
  File "/home/pranam/Desktop/Projects/GROCERY PRESENT/Grocery-Store-V2/backend/.venv/lib/python3.14/site-packages/flask_restful/__init__.py", line 652, in marshal
    if envelope else [marshal(d, fields) for d in data])
                      ~~~~~~~^^^^^^^^^^^
  File "/home/pranam/Desktop/Projects/GROCERY PRESENT/Grocery-Store-V2/backend/.venv/lib/python3.14/site-packages/flask_restful/__init__.py", line 657, in marshal
    return OrderedDict([(envelope, OrderedDict(items))]) if envelope else OrderedDict(items)
                                                                          ~~~~~~~~~~~^^^^^^^
  File "/home/pranam/Desktop/Projects/GROCERY PRESENT/Grocery-Store-V2/backend/.venv/lib/python3.14/site-packages/flask_restful/__init__.py", line 655, in <genexpr>
    else make(v).output(k, data))
         ~~~~~~~~~~~~~~^^^^^^^^^
  File "/home/pranam/Desktop/Projects/GROCERY PRESENT/Grocery-Store-V2/backend/.venv/lib/python3.14/site-packages/flask_restful/fields.py", line 118, in output
    value = get_value(key if self.attribute is None else self.attribute, obj)
  File "/home/pranam/Desktop/Projects/GROCERY PRESENT/Grocery-Store-V2/backend/.venv/lib/python3.14/site-packages/flask_restful/fields.py", line 40, in get_value
    return _get_value_for_keys(key.split('.'), obj, default)
  File "/home/pranam/Desktop/Projects/GROCERY PRESENT/Grocery-Store-V2/backend/.venv/lib/python3.14/site-packages/flask_restful/fields.py", line 45, in _get_value_for_keys
    return _get_value_for_key(keys[0], obj, default)
  File "/home/pranam/Desktop/Projects/GROCERY PRESENT/Grocery-Store-V2/backend/.venv/lib/python3.14/site-packages/flask_restful/fields.py", line 57, in _get_value_for_key
    return getattr(obj, key, default)
  File "/home/pranam/Desktop/Projects/GROCERY PRESENT/Grocery-Store-V2/backend/.venv/lib/python3.14/site-packages/sqlalchemy/orm/attributes.py", line 566, in __get__
    return self.impl.get(state, dict_)  # type: ignore[no-any-return]
           ~~~~~~~~~~~~~^^^^^^^^^^^^^^
  File "/home/pranam/Desktop/Projects/GROCERY PRESENT/Grocery-Store-V2/backend/.venv/lib/python3.14/site-packages/sqlalchemy/orm/attributes.py", line 1086, in get
    value = self._fire_loader_callables(state, key, passive)
  File "/home/pranam/Desktop/Projects/GROCERY PRESENT/Grocery-Store-V2/backend/.venv/lib/python3.14/site-packages/sqlalchemy/orm/attributes.py", line 1121, in _fire_loader_callables
    return self.callable_(state, passive)
           ~~~~~~~~~~~~~~^^^^^^^^^^^^^^^^
  File "/home/pranam/Desktop/Projects/GROCERY PRESENT/Grocery-Store-V2/backend/.venv/lib/python3.14/site-packages/sqlalchemy/orm/strategies.py", line 918, in _load_for_state
    raise orm_exc.DetachedInstanceError(
    ^
sqlalchemy.orm.exc.DetachedInstanceError: Parent instance <Product at 0x7fdf6e4be410> is not bound to a Session; lazy load operation of attribute 'creator' cannot proceed (Background on this error at: https://sqlalche.me/e/20/bhk3)
127.0.0.1 - - [24/Apr/2026 10:44:20] "OPTIONS /api/products HTTP/1.1" 200 -
127.0.0.1 - - [24/Apr/2026 10:44:20] "GET /api/products HTTP/1.1" 200 -
127.0.0.1 - - [24/Apr/2026 10:44:25] "OPTIONS /api/categories HTTP/1.1" 200 -
127.0.0.1 - - [24/Apr/2026 10:44:25] "GET /api/categories HTTP/1.1" 200 -
127.0.0.1 - - [24/Apr/2026 10:44:31] "OPTIONS /api/category/3 HTTP/1.1" 200 -
127.0.0.1 - - [24/Apr/2026 10:44:31] "[35m[1mDELETE /api/category/3 HTTP/1.1[0m" 500 -
Traceback (most recent call last):
  File "/home/pranam/Desktop/Projects/GROCERY PRESENT/Grocery-Store-V2/backend/.venv/lib/python3.14/site-packages/sqlalchemy/engine/base.py", line 1969, in _exec_single_context
    self.dialect.do_execute(
    ^
  File "/home/pranam/Desktop/Projects/GROCERY PRESENT/Grocery-Store-V2/backend/.venv/lib/python3.14/site-packages/sqlalchemy/engine/default.py", line 922, in do_execute
    cursor.execute(statement, parameters)
    ~~~~~~~~~~~~~~^^^^^^^^^^^^^^^^^^^^^^^
sqlite3.IntegrityError: NOT NULL constraint failed: product.category_id

The above exception was the direct cause of the following exception:

Traceback (most recent call last):
  File "/home/pranam/Desktop/Projects/GROCERY PRESENT/Grocery-Store-V2/backend/.venv/lib/python3.14/site-packages/flask/app.py", line 1478, in __call__
    return self.wsgi_app(environ, start_response)
           ~~~~~~~~~~~~~^^^^^^^^^^^^^^^^^^^^^^^^^
  File "/home/pranam/Desktop/Projects/GROCERY PRESENT/Grocery-Store-V2/backend/.venv/lib/python3.14/site-packages/flask/app.py", line 1458, in wsgi_app
    response = self.handle_exception(e)
  File "/home/pranam/Desktop/Projects/GROCERY PRESENT/Grocery-Store-V2/backend/.venv/lib/python3.14/site-packages/flask_restful/__init__.py", line 298, in error_router
    return original_handler(e)
  File "/home/pranam/Desktop/Projects/GROCERY PRESENT/Grocery-Store-V2/backend/.venv/lib/python3.14/site-packages/flask_cors/extension.py", line 176, in wrapped_function
    return cors_after_request(app.make_response(f(*args, **kwargs)))
                                                ~^^^^^^^^^^^^^^^^^
  File "/home/pranam/Desktop/Projects/GROCERY PRESENT/Grocery-Store-V2/backend/.venv/lib/python3.14/site-packages/flask_restful/__init__.py", line 295, in error_router
    return self.handle_error(e)
           ~~~~~~~~~~~~~~~~~^^^
  File "/home/pranam/Desktop/Projects/GROCERY PRESENT/Grocery-Store-V2/backend/.venv/lib/python3.14/site-packages/flask_restful/__init__.py", line 310, in handle_error
    _handle_flask_propagate_exceptions_config(current_app, e)
    ~~~~~~~~~~~~~~~~~~~~~~~~~~~~~~~~~~~~~~~~~^^^^^^^^^^^^^^^^
  File "/home/pranam/Desktop/Projects/GROCERY PRESENT/Grocery-Store-V2/backend/.venv/lib/python3.14/site-packages/flask/app.py", line 1455, in wsgi_app
    response = self.full_dispatch_request()
  File "/home/pranam/Desktop/Projects/GROCERY PRESENT/Grocery-Store-V2/backend/.venv/lib/python3.14/site-packages/flask/app.py", line 869, in full_dispatch_request
    rv = self.handle_user_exception(e)
  File "/home/pranam/Desktop/Projects/GROCERY PRESENT/Grocery-Store-V2/backend/.venv/lib/python3.14/site-packages/flask_restful/__init__.py", line 298, in error_router
    return original_handler(e)
  File "/home/pranam/Desktop/Projects/GROCERY PRESENT/Grocery-Store-V2/backend/.venv/lib/python3.14/site-packages/flask_cors/extension.py", line 176, in wrapped_function
    return cors_after_request(app.make_response(f(*args, **kwargs)))
                                                ~^^^^^^^^^^^^^^^^^
  File "/home/pranam/Desktop/Projects/GROCERY PRESENT/Grocery-Store-V2/backend/.venv/lib/python3.14/site-packages/flask_restful/__init__.py", line 295, in error_router
    return self.handle_error(e)
           ~~~~~~~~~~~~~~~~~^^^
  File "/home/pranam/Desktop/Projects/GROCERY PRESENT/Grocery-Store-V2/backend/.venv/lib/python3.14/site-packages/flask_restful/__init__.py", line 310, in handle_error
    _handle_flask_propagate_exceptions_config(current_app, e)
    ~~~~~~~~~~~~~~~~~~~~~~~~~~~~~~~~~~~~~~~~~^^^^^^^^^^^^^^^^
  File "/home/pranam/Desktop/Projects/GROCERY PRESENT/Grocery-Store-V2/backend/.venv/lib/python3.14/site-packages/flask/app.py", line 867, in full_dispatch_request
    rv = self.dispatch_request()
  File "/home/pranam/Desktop/Projects/GROCERY PRESENT/Grocery-Store-V2/backend/.venv/lib/python3.14/site-packages/flask/app.py", line 852, in dispatch_request
    return self.ensure_sync(self.view_functions[rule.endpoint])(**view_args)
           ~~~~~~~~~~~~~~~~~~~~~~~~~~~~~~~~~~~~~~~~~~~~~~~~~~~~^^^^^^^^^^^^^
  File "/home/pranam/Desktop/Projects/GROCERY PRESENT/Grocery-Store-V2/backend/.venv/lib/python3.14/site-packages/flask_restful/__init__.py", line 489, in wrapper
    resp = resource(*args, **kwargs)
  File "/home/pranam/Desktop/Projects/GROCERY PRESENT/Grocery-Store-V2/backend/.venv/lib/python3.14/site-packages/flask/views.py", line 109, in view
    return current_app.ensure_sync(self.dispatch_request)(**kwargs)
           ~~~~~~~~~~~~~~~~~~~~~~~~~~~~~~~~~~~~~~~~~~~~~~^^^^^^^^^^
  File "/home/pranam/Desktop/Projects/GROCERY PRESENT/Grocery-Store-V2/backend/.venv/lib/python3.14/site-packages/flask_restful/__init__.py", line 604, in dispatch_request
    resp = meth(*args, **kwargs)
  File "/home/pranam/Desktop/Projects/GROCERY PRESENT/Grocery-Store-V2/backend/.venv/lib/python3.14/site-packages/flask_security/decorators.py", line 404, in decorated_view
    return fn(*args, **kwargs)
  File "/home/pranam/Desktop/Projects/GROCERY PRESENT/Grocery-Store-V2/backend/.venv/lib/python3.14/site-packages/flask_security/decorators.py", line 525, in decorated_view
    return fn(*args, **kwargs)
  File "/home/pranam/Desktop/Projects/GROCERY PRESENT/Grocery-Store-V2/backend/application/resources.py", line 129, in delete
    db.session.commit()
    ~~~~~~~~~~~~~~~~~^^
  File "/home/pranam/Desktop/Projects/GROCERY PRESENT/Grocery-Store-V2/backend/.venv/lib/python3.14/site-packages/sqlalchemy/orm/scoping.py", line 598, in commit
    return self._proxied.commit()
           ~~~~~~~~~~~~~~~~~~~~^^
  File "/home/pranam/Desktop/Projects/GROCERY PRESENT/Grocery-Store-V2/backend/.venv/lib/python3.14/site-packages/sqlalchemy/orm/session.py", line 1969, in commit
    trans.commit(_to_root=True)
    ~~~~~~~~~~~~^^^^^^^^^^^^^^^
  File "<string>", line 2, in commit
  File "/home/pranam/Desktop/Projects/GROCERY PRESENT/Grocery-Store-V2/backend/.venv/lib/python3.14/site-packages/sqlalchemy/orm/state_changes.py", line 139, in _go
    ret_value = fn(self, *arg, **kw)
  File "/home/pranam/Desktop/Projects/GROCERY PRESENT/Grocery-Store-V2/backend/.venv/lib/python3.14/site-packages/sqlalchemy/orm/session.py", line 1256, in commit
    self._prepare_impl()
    ~~~~~~~~~~~~~~~~~~^^
  File "<string>", line 2, in _prepare_impl
  File "/home/pranam/Desktop/Projects/GROCERY PRESENT/Grocery-Store-V2/backend/.venv/lib/python3.14/site-packages/sqlalchemy/orm/state_changes.py", line 139, in _go
    ret_value = fn(self, *arg, **kw)
  File "/home/pranam/Desktop/Projects/GROCERY PRESENT/Grocery-Store-V2/backend/.venv/lib/python3.14/site-packages/sqlalchemy/orm/session.py", line 1231, in _prepare_impl
    self.session.flush()
    ~~~~~~~~~~~~~~~~~~^^
  File "/home/pranam/Desktop/Projects/GROCERY PRESENT/Grocery-Store-V2/backend/.venv/lib/python3.14/site-packages/sqlalchemy/orm/session.py", line 4312, in flush
    self._flush(objects)
    ~~~~~~~~~~~^^^^^^^^^
  File "/home/pranam/Desktop/Projects/GROCERY PRESENT/Grocery-Store-V2/backend/.venv/lib/python3.14/site-packages/sqlalchemy/orm/session.py", line 4447, in _flush
    with util.safe_reraise():
         ~~~~~~~~~~~~~~~~~^^
  File "/home/pranam/Desktop/Projects/GROCERY PRESENT/Grocery-Store-V2/backend/.venv/lib/python3.14/site-packages/sqlalchemy/util/langhelpers.py", line 146, in __exit__
    raise exc_value.with_traceback(exc_tb)
  File "/home/pranam/Desktop/Projects/GROCERY PRESENT/Grocery-Store-V2/backend/.venv/lib/python3.14/site-packages/sqlalchemy/orm/session.py", line 4408, in _flush
    flush_context.execute()
    ~~~~~~~~~~~~~~~~~~~~~^^
  File "/home/pranam/Desktop/Projects/GROCERY PRESENT/Grocery-Store-V2/backend/.venv/lib/python3.14/site-packages/sqlalchemy/orm/unitofwork.py", line 466, in execute
    rec.execute(self)
    ~~~~~~~~~~~^^^^^^
  File "/home/pranam/Desktop/Projects/GROCERY PRESENT/Grocery-Store-V2/backend/.venv/lib/python3.14/site-packages/sqlalchemy/orm/unitofwork.py", line 642, in execute
    util.preloaded.orm_persistence.save_obj(
    ^
  File "/home/pranam/Desktop/Projects/GROCERY PRESENT/Grocery-Store-V2/backend/.venv/lib/python3.14/site-packages/sqlalchemy/orm/persistence.py", line 85, in save_obj
    _emit_update_statements(
    ^
  File "/home/pranam/Desktop/Projects/GROCERY PRESENT/Grocery-Store-V2/backend/.venv/lib/python3.14/site-packages/sqlalchemy/orm/persistence.py", line 909, in _emit_update_statements
    c = connection.execute(
    
  File "/home/pranam/Desktop/Projects/GROCERY PRESENT/Grocery-Store-V2/backend/.venv/lib/python3.14/site-packages/sqlalchemy/engine/base.py", line 1416, in execute
    return meth(
    
  File "/home/pranam/Desktop/Projects/GROCERY PRESENT/Grocery-Store-V2/backend/.venv/lib/python3.14/site-packages/sqlalchemy/sql/elements.py", line 516, in _execute_on_connection
    return connection._execute_clauseelement(
    
  File "/home/pranam/Desktop/Projects/GROCERY PRESENT/Grocery-Store-V2/backend/.venv/lib/python3.14/site-packages/sqlalchemy/engine/base.py", line 1639, in _execute_clauseelement
    ret = self._execute_context(
    
  File "/home/pranam/Desktop/Projects/GROCERY PRESENT/Grocery-Store-V2/backend/.venv/lib/python3.14/site-packages/sqlalchemy/engine/base.py", line 1848, in _execute_context
    return self._exec_single_context(
    
  File "/home/pranam/Desktop/Projects/GROCERY PRESENT/Grocery-Store-V2/backend/.venv/lib/python3.14/site-packages/sqlalchemy/engine/base.py", line 1988, in _exec_single_context
    self._handle_dbapi_exception(
    ^
  File "/home/pranam/Desktop/Projects/GROCERY PRESENT/Grocery-Store-V2/backend/.venv/lib/python3.14/site-packages/sqlalchemy/engine/base.py", line 2343, in _handle_dbapi_exception
    raise sqlalchemy_exception.with_traceback(exc_info[2]) from e
  File "/home/pranam/Desktop/Projects/GROCERY PRESENT/Grocery-Store-V2/backend/.venv/lib/python3.14/site-packages/sqlalchemy/engine/base.py", line 1969, in _exec_single_context
    self.dialect.do_execute(
    ^
  File "/home/pranam/Desktop/Projects/GROCERY PRESENT/Grocery-Store-V2/backend/.venv/lib/python3.14/site-packages/sqlalchemy/engine/default.py", line 922, in do_execute
    cursor.execute(statement, parameters)
    ~~~~~~~~~~~~~~^^^^^^^^^^^^^^^^^^^^^^^
sqlalchemy.exc.IntegrityError: (sqlite3.IntegrityError) NOT NULL constraint failed: product.category_id
[SQL: UPDATE product SET category_id=? WHERE product.id = ?]
[parameters: (None, 3)]
(Background on this error at: https://sqlalche.me/e/20/gkpj)
127.0.0.1 - - [24/Apr/2026 10:44:33] "OPTIONS /api/categories HTTP/1.1" 200 -
127.0.0.1 - - [24/Apr/2026 10:44:33] "GET /api/categories HTTP/1.1" 200 -
127.0.0.1 - - [24/Apr/2026 10:44:36] "OPTIONS /api/category/1 HTTP/1.1" 200 -
127.0.0.1 - - [24/Apr/2026 10:44:36] "[35m[1mDELETE /api/category/1 HTTP/1.1[0m" 500 -
Traceback (most recent call last):
  File "/home/pranam/Desktop/Projects/GROCERY PRESENT/Grocery-Store-V2/backend/.venv/lib/python3.14/site-packages/sqlalchemy/engine/base.py", line 1938, in _exec_single_context
    self.dialect.do_executemany(
    ^
  File "/home/pranam/Desktop/Projects/GROCERY PRESENT/Grocery-Store-V2/backend/.venv/lib/python3.14/site-packages/sqlalchemy/engine/default.py", line 919, in do_executemany
    cursor.executemany(statement, parameters)
    ~~~~~~~~~~~~~~~~~~^^^^^^^^^^^^^^^^^^^^^^^
sqlite3.IntegrityError: NOT NULL constraint failed: product.category_id

The above exception was the direct cause of the following exception:

Traceback (most recent call last):
  File "/home/pranam/Desktop/Projects/GROCERY PRESENT/Grocery-Store-V2/backend/.venv/lib/python3.14/site-packages/flask/app.py", line 1478, in __call__
    return self.wsgi_app(environ, start_response)
           ~~~~~~~~~~~~~^^^^^^^^^^^^^^^^^^^^^^^^^
  File "/home/pranam/Desktop/Projects/GROCERY PRESENT/Grocery-Store-V2/backend/.venv/lib/python3.14/site-packages/flask/app.py", line 1458, in wsgi_app
    response = self.handle_exception(e)
  File "/home/pranam/Desktop/Projects/GROCERY PRESENT/Grocery-Store-V2/backend/.venv/lib/python3.14/site-packages/flask_restful/__init__.py", line 298, in error_router
    return original_handler(e)
  File "/home/pranam/Desktop/Projects/GROCERY PRESENT/Grocery-Store-V2/backend/.venv/lib/python3.14/site-packages/flask_cors/extension.py", line 176, in wrapped_function
    return cors_after_request(app.make_response(f(*args, **kwargs)))
                                                ~^^^^^^^^^^^^^^^^^
  File "/home/pranam/Desktop/Projects/GROCERY PRESENT/Grocery-Store-V2/backend/.venv/lib/python3.14/site-packages/flask_restful/__init__.py", line 295, in error_router
    return self.handle_error(e)
           ~~~~~~~~~~~~~~~~~^^^
  File "/home/pranam/Desktop/Projects/GROCERY PRESENT/Grocery-Store-V2/backend/.venv/lib/python3.14/site-packages/flask_restful/__init__.py", line 310, in handle_error
    _handle_flask_propagate_exceptions_config(current_app, e)
    ~~~~~~~~~~~~~~~~~~~~~~~~~~~~~~~~~~~~~~~~~^^^^^^^^^^^^^^^^
  File "/home/pranam/Desktop/Projects/GROCERY PRESENT/Grocery-Store-V2/backend/.venv/lib/python3.14/site-packages/flask/app.py", line 1455, in wsgi_app
    response = self.full_dispatch_request()
  File "/home/pranam/Desktop/Projects/GROCERY PRESENT/Grocery-Store-V2/backend/.venv/lib/python3.14/site-packages/flask/app.py", line 869, in full_dispatch_request
    rv = self.handle_user_exception(e)
  File "/home/pranam/Desktop/Projects/GROCERY PRESENT/Grocery-Store-V2/backend/.venv/lib/python3.14/site-packages/flask_restful/__init__.py", line 298, in error_router
    return original_handler(e)
  File "/home/pranam/Desktop/Projects/GROCERY PRESENT/Grocery-Store-V2/backend/.venv/lib/python3.14/site-packages/flask_cors/extension.py", line 176, in wrapped_function
    return cors_after_request(app.make_response(f(*args, **kwargs)))
                                                ~^^^^^^^^^^^^^^^^^
  File "/home/pranam/Desktop/Projects/GROCERY PRESENT/Grocery-Store-V2/backend/.venv/lib/python3.14/site-packages/flask_restful/__init__.py", line 295, in error_router
    return self.handle_error(e)
           ~~~~~~~~~~~~~~~~~^^^
  File "/home/pranam/Desktop/Projects/GROCERY PRESENT/Grocery-Store-V2/backend/.venv/lib/python3.14/site-packages/flask_restful/__init__.py", line 310, in handle_error
    _handle_flask_propagate_exceptions_config(current_app, e)
    ~~~~~~~~~~~~~~~~~~~~~~~~~~~~~~~~~~~~~~~~~^^^^^^^^^^^^^^^^
  File "/home/pranam/Desktop/Projects/GROCERY PRESENT/Grocery-Store-V2/backend/.venv/lib/python3.14/site-packages/flask/app.py", line 867, in full_dispatch_request
    rv = self.dispatch_request()
  File "/home/pranam/Desktop/Projects/GROCERY PRESENT/Grocery-Store-V2/backend/.venv/lib/python3.14/site-packages/flask/app.py", line 852, in dispatch_request
    return self.ensure_sync(self.view_functions[rule.endpoint])(**view_args)
           ~~~~~~~~~~~~~~~~~~~~~~~~~~~~~~~~~~~~~~~~~~~~~~~~~~~~^^^^^^^^^^^^^
  File "/home/pranam/Desktop/Projects/GROCERY PRESENT/Grocery-Store-V2/backend/.venv/lib/python3.14/site-packages/flask_restful/__init__.py", line 489, in wrapper
    resp = resource(*args, **kwargs)
  File "/home/pranam/Desktop/Projects/GROCERY PRESENT/Grocery-Store-V2/backend/.venv/lib/python3.14/site-packages/flask/views.py", line 109, in view
    return current_app.ensure_sync(self.dispatch_request)(**kwargs)
           ~~~~~~~~~~~~~~~~~~~~~~~~~~~~~~~~~~~~~~~~~~~~~~^^^^^^^^^^
  File "/home/pranam/Desktop/Projects/GROCERY PRESENT/Grocery-Store-V2/backend/.venv/lib/python3.14/site-packages/flask_restful/__init__.py", line 604, in dispatch_request
    resp = meth(*args, **kwargs)
  File "/home/pranam/Desktop/Projects/GROCERY PRESENT/Grocery-Store-V2/backend/.venv/lib/python3.14/site-packages/flask_security/decorators.py", line 404, in decorated_view
    return fn(*args, **kwargs)
  File "/home/pranam/Desktop/Projects/GROCERY PRESENT/Grocery-Store-V2/backend/.venv/lib/python3.14/site-packages/flask_security/decorators.py", line 525, in decorated_view
    return fn(*args, **kwargs)
  File "/home/pranam/Desktop/Projects/GROCERY PRESENT/Grocery-Store-V2/backend/application/resources.py", line 129, in delete
    db.session.commit()
    ~~~~~~~~~~~~~~~~~^^
  File "/home/pranam/Desktop/Projects/GROCERY PRESENT/Grocery-Store-V2/backend/.venv/lib/python3.14/site-packages/sqlalchemy/orm/scoping.py", line 598, in commit
    return self._proxied.commit()
           ~~~~~~~~~~~~~~~~~~~~^^
  File "/home/pranam/Desktop/Projects/GROCERY PRESENT/Grocery-Store-V2/backend/.venv/lib/python3.14/site-packages/sqlalchemy/orm/session.py", line 1969, in commit
    trans.commit(_to_root=True)
    ~~~~~~~~~~~~^^^^^^^^^^^^^^^
  File "<string>", line 2, in commit
  File "/home/pranam/Desktop/Projects/GROCERY PRESENT/Grocery-Store-V2/backend/.venv/lib/python3.14/site-packages/sqlalchemy/orm/state_changes.py", line 139, in _go
    ret_value = fn(self, *arg, **kw)
  File "/home/pranam/Desktop/Projects/GROCERY PRESENT/Grocery-Store-V2/backend/.venv/lib/python3.14/site-packages/sqlalchemy/orm/session.py", line 1256, in commit
    self._prepare_impl()
    ~~~~~~~~~~~~~~~~~~^^
  File "<string>", line 2, in _prepare_impl
  File "/home/pranam/Desktop/Projects/GROCERY PRESENT/Grocery-Store-V2/backend/.venv/lib/python3.14/site-packages/sqlalchemy/orm/state_changes.py", line 139, in _go
    ret_value = fn(self, *arg, **kw)
  File "/home/pranam/Desktop/Projects/GROCERY PRESENT/Grocery-Store-V2/backend/.venv/lib/python3.14/site-packages/sqlalchemy/orm/session.py", line 1231, in _prepare_impl
    self.session.flush()
    ~~~~~~~~~~~~~~~~~~^^
  File "/home/pranam/Desktop/Projects/GROCERY PRESENT/Grocery-Store-V2/backend/.venv/lib/python3.14/site-packages/sqlalchemy/orm/session.py", line 4312, in flush
    self._flush(objects)
    ~~~~~~~~~~~^^^^^^^^^
  File "/home/pranam/Desktop/Projects/GROCERY PRESENT/Grocery-Store-V2/backend/.venv/lib/python3.14/site-packages/sqlalchemy/orm/session.py", line 4447, in _flush
    with util.safe_reraise():
         ~~~~~~~~~~~~~~~~~^^
  File "/home/pranam/Desktop/Projects/GROCERY PRESENT/Grocery-Store-V2/backend/.venv/lib/python3.14/site-packages/sqlalchemy/util/langhelpers.py", line 146, in __exit__
    raise exc_value.with_traceback(exc_tb)
  File "/home/pranam/Desktop/Projects/GROCERY PRESENT/Grocery-Store-V2/backend/.venv/lib/python3.14/site-packages/sqlalchemy/orm/session.py", line 4408, in _flush
    flush_context.execute()
    ~~~~~~~~~~~~~~~~~~~~~^^
  File "/home/pranam/Desktop/Projects/GROCERY PRESENT/Grocery-Store-V2/backend/.venv/lib/python3.14/site-packages/sqlalchemy/orm/unitofwork.py", line 466, in execute
    rec.execute(self)
    ~~~~~~~~~~~^^^^^^
  File "/home/pranam/Desktop/Projects/GROCERY PRESENT/Grocery-Store-V2/backend/.venv/lib/python3.14/site-packages/sqlalchemy/orm/unitofwork.py", line 642, in execute
    util.preloaded.orm_persistence.save_obj(
    ^
  File "/home/pranam/Desktop/Projects/GROCERY PRESENT/Grocery-Store-V2/backend/.venv/lib/python3.14/site-packages/sqlalchemy/orm/persistence.py", line 85, in save_obj
    _emit_update_statements(
    ^
  File "/home/pranam/Desktop/Projects/GROCERY PRESENT/Grocery-Store-V2/backend/.venv/lib/python3.14/site-packages/sqlalchemy/orm/persistence.py", line 909, in _emit_update_statements
    c = connection.execute(
    
  File "/home/pranam/Desktop/Projects/GROCERY PRESENT/Grocery-Store-V2/backend/.venv/lib/python3.14/site-packages/sqlalchemy/engine/base.py", line 1416, in execute
    return meth(
    
  File "/home/pranam/Desktop/Projects/GROCERY PRESENT/Grocery-Store-V2/backend/.venv/lib/python3.14/site-packages/sqlalchemy/sql/elements.py", line 516, in _execute_on_connection
    return connection._execute_clauseelement(
    
  File "/home/pranam/Desktop/Projects/GROCERY PRESENT/Grocery-Store-V2/backend/.venv/lib/python3.14/site-packages/sqlalchemy/engine/base.py", line 1639, in _execute_clauseelement
    ret = self._execute_context(
    
  File "/home/pranam/Desktop/Projects/GROCERY PRESENT/Grocery-Store-V2/backend/.venv/lib/python3.14/site-packages/sqlalchemy/engine/base.py", line 1848, in _execute_context
    return self._exec_single_context(
    
  File "/home/pranam/Desktop/Projects/GROCERY PRESENT/Grocery-Store-V2/backend/.venv/lib/python3.14/site-packages/sqlalchemy/engine/base.py", line 1988, in _exec_single_context
    self._handle_dbapi_exception(
    ^
  File "/home/pranam/Desktop/Projects/GROCERY PRESENT/Grocery-Store-V2/backend/.venv/lib/python3.14/site-packages/sqlalchemy/engine/base.py", line 2343, in _handle_dbapi_exception
    raise sqlalchemy_exception.with_traceback(exc_info[2]) from e
  File "/home/pranam/Desktop/Projects/GROCERY PRESENT/Grocery-Store-V2/backend/.venv/lib/python3.14/site-packages/sqlalchemy/engine/base.py", line 1938, in _exec_single_context
    self.dialect.do_executemany(
    ^
  File "/home/pranam/Desktop/Projects/GROCERY PRESENT/Grocery-Store-V2/backend/.venv/lib/python3.14/site-packages/sqlalchemy/engine/default.py", line 919, in do_executemany
    cursor.executemany(statement, parameters)
    ~~~~~~~~~~~~~~~~~~^^^^^^^^^^^^^^^^^^^^^^^
sqlalchemy.exc.IntegrityError: (sqlite3.IntegrityError) NOT NULL constraint failed: product.category_id
[SQL: UPDATE product SET category_id=? WHERE product.id = ?]
[parameters: [(None, 1), (None, 5), (None, 6)]]
(Background on this error at: https://sqlalche.me/e/20/gkpj)
127.0.0.1 - - [24/Apr/2026 10:44:39] "OPTIONS /api/categories HTTP/1.1" 200 -
127.0.0.1 - - [24/Apr/2026 10:44:39] "GET /api/categories HTTP/1.1" 200 -
127.0.0.1 - - [24/Apr/2026 10:44:40] "GET /api/category/1 HTTP/1.1" 200 -
127.0.0.1 - - [24/Apr/2026 10:44:46] "OPTIONS /api/category/1 HTTP/1.1" 200 -
127.0.0.1 - - [24/Apr/2026 10:44:46] "PUT /api/category/1 HTTP/1.1" 200 -
127.0.0.1 - - [24/Apr/2026 10:44:46] "OPTIONS /api/categories HTTP/1.1" 200 -
127.0.0.1 - - [24/Apr/2026 10:44:46] "[35m[1mGET /api/categories HTTP/1.1[0m" 500 -
Traceback (most recent call last):
  File "/home/pranam/Desktop/Projects/GROCERY PRESENT/Grocery-Store-V2/backend/.venv/lib/python3.14/site-packages/flask/app.py", line 1478, in __call__
    return self.wsgi_app(environ, start_response)
           ~~~~~~~~~~~~~^^^^^^^^^^^^^^^^^^^^^^^^^
  File "/home/pranam/Desktop/Projects/GROCERY PRESENT/Grocery-Store-V2/backend/.venv/lib/python3.14/site-packages/flask/app.py", line 1458, in wsgi_app
    response = self.handle_exception(e)
  File "/home/pranam/Desktop/Projects/GROCERY PRESENT/Grocery-Store-V2/backend/.venv/lib/python3.14/site-packages/flask_restful/__init__.py", line 298, in error_router
    return original_handler(e)
  File "/home/pranam/Desktop/Projects/GROCERY PRESENT/Grocery-Store-V2/backend/.venv/lib/python3.14/site-packages/flask_cors/extension.py", line 176, in wrapped_function
    return cors_after_request(app.make_response(f(*args, **kwargs)))
                                                ~^^^^^^^^^^^^^^^^^
  File "/home/pranam/Desktop/Projects/GROCERY PRESENT/Grocery-Store-V2/backend/.venv/lib/python3.14/site-packages/flask_restful/__init__.py", line 295, in error_router
    return self.handle_error(e)
           ~~~~~~~~~~~~~~~~~^^^
  File "/home/pranam/Desktop/Projects/GROCERY PRESENT/Grocery-Store-V2/backend/.venv/lib/python3.14/site-packages/flask_restful/__init__.py", line 310, in handle_error
    _handle_flask_propagate_exceptions_config(current_app, e)
    ~~~~~~~~~~~~~~~~~~~~~~~~~~~~~~~~~~~~~~~~~^^^^^^^^^^^^^^^^
  File "/home/pranam/Desktop/Projects/GROCERY PRESENT/Grocery-Store-V2/backend/.venv/lib/python3.14/site-packages/flask/app.py", line 1455, in wsgi_app
    response = self.full_dispatch_request()
  File "/home/pranam/Desktop/Projects/GROCERY PRESENT/Grocery-Store-V2/backend/.venv/lib/python3.14/site-packages/flask/app.py", line 869, in full_dispatch_request
    rv = self.handle_user_exception(e)
  File "/home/pranam/Desktop/Projects/GROCERY PRESENT/Grocery-Store-V2/backend/.venv/lib/python3.14/site-packages/flask_restful/__init__.py", line 298, in error_router
    return original_handler(e)
  File "/home/pranam/Desktop/Projects/GROCERY PRESENT/Grocery-Store-V2/backend/.venv/lib/python3.14/site-packages/flask_cors/extension.py", line 176, in wrapped_function
    return cors_after_request(app.make_response(f(*args, **kwargs)))
                                                ~^^^^^^^^^^^^^^^^^
  File "/home/pranam/Desktop/Projects/GROCERY PRESENT/Grocery-Store-V2/backend/.venv/lib/python3.14/site-packages/flask_restful/__init__.py", line 295, in error_router
    return self.handle_error(e)
           ~~~~~~~~~~~~~~~~~^^^
  File "/home/pranam/Desktop/Projects/GROCERY PRESENT/Grocery-Store-V2/backend/.venv/lib/python3.14/site-packages/flask_restful/__init__.py", line 310, in handle_error
    _handle_flask_propagate_exceptions_config(current_app, e)
    ~~~~~~~~~~~~~~~~~~~~~~~~~~~~~~~~~~~~~~~~~^^^^^^^^^^^^^^^^
  File "/home/pranam/Desktop/Projects/GROCERY PRESENT/Grocery-Store-V2/backend/.venv/lib/python3.14/site-packages/flask/app.py", line 867, in full_dispatch_request
    rv = self.dispatch_request()
  File "/home/pranam/Desktop/Projects/GROCERY PRESENT/Grocery-Store-V2/backend/.venv/lib/python3.14/site-packages/flask/app.py", line 852, in dispatch_request
    return self.ensure_sync(self.view_functions[rule.endpoint])(**view_args)
           ~~~~~~~~~~~~~~~~~~~~~~~~~~~~~~~~~~~~~~~~~~~~~~~~~~~~^^^^^^^^^^^^^
  File "/home/pranam/Desktop/Projects/GROCERY PRESENT/Grocery-Store-V2/backend/.venv/lib/python3.14/site-packages/flask_restful/__init__.py", line 489, in wrapper
    resp = resource(*args, **kwargs)
  File "/home/pranam/Desktop/Projects/GROCERY PRESENT/Grocery-Store-V2/backend/.venv/lib/python3.14/site-packages/flask/views.py", line 109, in view
    return current_app.ensure_sync(self.dispatch_request)(**kwargs)
           ~~~~~~~~~~~~~~~~~~~~~~~~~~~~~~~~~~~~~~~~~~~~~~^^^^^^^^^^
  File "/home/pranam/Desktop/Projects/GROCERY PRESENT/Grocery-Store-V2/backend/.venv/lib/python3.14/site-packages/flask_restful/__init__.py", line 604, in dispatch_request
    resp = meth(*args, **kwargs)
  File "/home/pranam/Desktop/Projects/GROCERY PRESENT/Grocery-Store-V2/backend/.venv/lib/python3.14/site-packages/flask_restful/__init__.py", line 699, in wrapper
    return marshal(data, self.fields, self.envelope), code, headers
           ~~~~~~~^^^^^^^^^^^^^^^^^^^^^^^^^^^^^^^^^^
  File "/home/pranam/Desktop/Projects/GROCERY PRESENT/Grocery-Store-V2/backend/.venv/lib/python3.14/site-packages/flask_restful/__init__.py", line 652, in marshal
    if envelope else [marshal(d, fields) for d in data])
                      ~~~~~~~^^^^^^^^^^^
  File "/home/pranam/Desktop/Projects/GROCERY PRESENT/Grocery-Store-V2/backend/.venv/lib/python3.14/site-packages/flask_restful/__init__.py", line 657, in marshal
    return OrderedDict([(envelope, OrderedDict(items))]) if envelope else OrderedDict(items)
                                                                          ~~~~~~~~~~~^^^^^^^
  File "/home/pranam/Desktop/Projects/GROCERY PRESENT/Grocery-Store-V2/backend/.venv/lib/python3.14/site-packages/flask_restful/__init__.py", line 655, in <genexpr>
    else make(v).output(k, data))
         ~~~~~~~~~~~~~~^^^^^^^^^
  File "/home/pranam/Desktop/Projects/GROCERY PRESENT/Grocery-Store-V2/backend/.venv/lib/python3.14/site-packages/flask_restful/fields.py", line 118, in output
    value = get_value(key if self.attribute is None else self.attribute, obj)
  File "/home/pranam/Desktop/Projects/GROCERY PRESENT/Grocery-Store-V2/backend/.venv/lib/python3.14/site-packages/flask_restful/fields.py", line 40, in get_value
    return _get_value_for_keys(key.split('.'), obj, default)
  File "/home/pranam/Desktop/Projects/GROCERY PRESENT/Grocery-Store-V2/backend/.venv/lib/python3.14/site-packages/flask_restful/fields.py", line 45, in _get_value_for_keys
    return _get_value_for_key(keys[0], obj, default)
  File "/home/pranam/Desktop/Projects/GROCERY PRESENT/Grocery-Store-V2/backend/.venv/lib/python3.14/site-packages/flask_restful/fields.py", line 57, in _get_value_for_key
    return getattr(obj, key, default)
  File "/home/pranam/Desktop/Projects/GROCERY PRESENT/Grocery-Store-V2/backend/.venv/lib/python3.14/site-packages/sqlalchemy/orm/attributes.py", line 566, in __get__
    return self.impl.get(state, dict_)  # type: ignore[no-any-return]
           ~~~~~~~~~~~~~^^^^^^^^^^^^^^
  File "/home/pranam/Desktop/Projects/GROCERY PRESENT/Grocery-Store-V2/backend/.venv/lib/python3.14/site-packages/sqlalchemy/orm/attributes.py", line 1086, in get
    value = self._fire_loader_callables(state, key, passive)
  File "/home/pranam/Desktop/Projects/GROCERY PRESENT/Grocery-Store-V2/backend/.venv/lib/python3.14/site-packages/sqlalchemy/orm/attributes.py", line 1121, in _fire_loader_callables
    return self.callable_(state, passive)
           ~~~~~~~~~~~~~~^^^^^^^^^^^^^^^^
  File "/home/pranam/Desktop/Projects/GROCERY PRESENT/Grocery-Store-V2/backend/.venv/lib/python3.14/site-packages/sqlalchemy/orm/strategies.py", line 918, in _load_for_state
    raise orm_exc.DetachedInstanceError(
    ^
sqlalchemy.orm.exc.DetachedInstanceError: Parent instance <Category at 0x7fdf6e4fb390> is not bound to a Session; lazy load operation of attribute 'creator' cannot proceed (Background on this error at: https://sqlalche.me/e/20/bhk3)
127.0.0.1 - - [24/Apr/2026 10:44:48] "GET /api/categories HTTP/1.1" 200 -
127.0.0.1 - - [24/Apr/2026 10:44:56] "OPTIONS /api/products HTTP/1.1" 200 -
127.0.0.1 - - [24/Apr/2026 10:44:56] "GET /api/products HTTP/1.1" 200 -
127.0.0.1 - - [24/Apr/2026 10:44:58] "OPTIONS /api/categories HTTP/1.1" 200 -
127.0.0.1 - - [24/Apr/2026 10:44:58] "GET /api/categories HTTP/1.1" 200 -
127.0.0.1 - - [24/Apr/2026 10:44:59] "OPTIONS /user-logout HTTP/1.1" 200 -
127.0.0.1 - - [24/Apr/2026 10:44:59] "GET /user-logout HTTP/1.1" 200 -
127.0.0.1 - - [24/Apr/2026 10:45:05] "OPTIONS /user-login HTTP/1.1" 200 -
127.0.0.1 - - [24/Apr/2026 10:45:06] "POST /user-login HTTP/1.1" 200 -
127.0.0.1 - - [24/Apr/2026 10:45:06] "OPTIONS /api/products HTTP/1.1" 200 -
127.0.0.1 - - [24/Apr/2026 10:45:06] "GET /api/products HTTP/1.1" 200 -
127.0.0.1 - - [24/Apr/2026 10:45:08] "OPTIONS /api/categories HTTP/1.1" 200 -
127.0.0.1 - - [24/Apr/2026 10:45:09] "GET /api/categories HTTP/1.1" 200 -
127.0.0.1 - - [24/Apr/2026 10:45:25] "OPTIONS /api/categories HTTP/1.1" 200 -
127.0.0.1 - - [24/Apr/2026 10:45:25] "[35m[1mPOST /api/categories HTTP/1.1[0m" 201 -
127.0.0.1 - - [24/Apr/2026 10:45:25] "GET /api/categories HTTP/1.1" 200 -
127.0.0.1 - - [24/Apr/2026 10:45:28] "OPTIONS /user-logout HTTP/1.1" 200 -
127.0.0.1 - - [24/Apr/2026 10:45:28] "GET /user-logout HTTP/1.1" 200 -
127.0.0.1 - - [24/Apr/2026 10:45:32] "OPTIONS /user-login HTTP/1.1" 200 -
127.0.0.1 - - [24/Apr/2026 10:45:32] "POST /user-login HTTP/1.1" 200 -
127.0.0.1 - - [24/Apr/2026 10:45:32] "OPTIONS /api/users HTTP/1.1" 200 -
127.0.0.1 - - [24/Apr/2026 10:45:32] "GET /api/users HTTP/1.1" 200 -
127.0.0.1 - - [24/Apr/2026 10:45:34] "OPTIONS /api/categories HTTP/1.1" 200 -
127.0.0.1 - - [24/Apr/2026 10:45:34] "GET /api/categories HTTP/1.1" 200 -
127.0.0.1 - - [24/Apr/2026 10:45:35] "OPTIONS /activate/category/4 HTTP/1.1" 200 -
127.0.0.1 - - [24/Apr/2026 10:45:35] "PUT /activate/category/4 HTTP/1.1" 200 -
127.0.0.1 - - [24/Apr/2026 10:45:35] "GET /api/categories HTTP/1.1" 200 -
127.0.0.1 - - [24/Apr/2026 10:45:39] "OPTIONS /api/category/4 HTTP/1.1" 200 -
127.0.0.1 - - [24/Apr/2026 10:45:39] "GET /api/category/4 HTTP/1.1" 200 -
127.0.0.1 - - [24/Apr/2026 10:45:43] "OPTIONS /api/category/4 HTTP/1.1" 200 -
127.0.0.1 - - [24/Apr/2026 10:45:43] "PUT /api/category/4 HTTP/1.1" 200 -
127.0.0.1 - - [24/Apr/2026 10:45:43] "OPTIONS /api/categories HTTP/1.1" 200 -
127.0.0.1 - - [24/Apr/2026 10:45:43] "GET /api/categories HTTP/1.1" 200 -
127.0.0.1 - - [24/Apr/2026 10:45:49] "OPTIONS /api/products HTTP/1.1" 200 -
127.0.0.1 - - [24/Apr/2026 10:45:49] "GET /api/products HTTP/1.1" 200 -
127.0.0.1 - - [24/Apr/2026 10:47:08] "OPTIONS /api/products HTTP/1.1" 200 -
127.0.0.1 - - [24/Apr/2026 10:47:08] "GET /api/products HTTP/1.1" 200 -
127.0.0.1 - - [24/Apr/2026 10:47:27] "OPTIONS /api/products HTTP/1.1" 200 -
127.0.0.1 - - [24/Apr/2026 10:47:27] "GET /api/products HTTP/1.1" 200 -
127.0.0.1 - - [24/Apr/2026 10:47:33] "OPTIONS /api/categories HTTP/1.1" 200 -
127.0.0.1 - - [24/Apr/2026 10:47:33] "GET /api/categories HTTP/1.1" 200 -
127.0.0.1 - - [24/Apr/2026 10:47:34] "OPTIONS /api/users HTTP/1.1" 200 -
127.0.0.1 - - [24/Apr/2026 10:47:34] "GET /api/users HTTP/1.1" 200 -
127.0.0.1 - - [24/Apr/2026 10:47:34] "GET /api/categories HTTP/1.1" 200 -
127.0.0.1 - - [24/Apr/2026 10:47:40] "OPTIONS /api/products HTTP/1.1" 200 -
127.0.0.1 - - [24/Apr/2026 10:47:40] "GET /api/products HTTP/1.1" 200 -
127.0.0.1 - - [24/Apr/2026 10:47:41] "OPTIONS /api/categories HTTP/1.1" 200 -
127.0.0.1 - - [24/Apr/2026 10:47:41] "GET /api/categories HTTP/1.1" 200 -
127.0.0.1 - - [24/Apr/2026 10:47:42] "OPTIONS /user-logout HTTP/1.1" 200 -
127.0.0.1 - - [24/Apr/2026 10:47:42] "GET /user-logout HTTP/1.1" 200 -
127.0.0.1 - - [24/Apr/2026 10:47:47] "OPTIONS /user-login HTTP/1.1" 200 -
127.0.0.1 - - [24/Apr/2026 10:47:47] "POST /user-login HTTP/1.1" 200 -
127.0.0.1 - - [24/Apr/2026 10:47:47] "OPTIONS /api/products HTTP/1.1" 200 -
127.0.0.1 - - [24/Apr/2026 10:47:47] "GET /api/products HTTP/1.1" 200 -
127.0.0.1 - - [24/Apr/2026 10:47:50] "OPTIONS /api/categories HTTP/1.1" 200 -
127.0.0.1 - - [24/Apr/2026 10:47:50] "GET /api/categories HTTP/1.1" 200 -
127.0.0.1 - - [24/Apr/2026 10:47:51] "GET /api/categories HTTP/1.1" 200 -
127.0.0.1 - - [24/Apr/2026 10:47:52] "GET /api/products HTTP/1.1" 200 -
127.0.0.1 - - [24/Apr/2026 10:47:53] "OPTIONS /user-logout HTTP/1.1" 200 -
127.0.0.1 - - [24/Apr/2026 10:47:53] "GET /user-logout HTTP/1.1" 200 -
127.0.0.1 - - [24/Apr/2026 10:47:54] "GET /api/categories HTTP/1.1" 200 -
127.0.0.1 - - [24/Apr/2026 10:48:00] "OPTIONS /user-login HTTP/1.1" 200 -
127.0.0.1 - - [24/Apr/2026 10:48:00] "POST /user-login HTTP/1.1" 200 -
127.0.0.1 - - [24/Apr/2026 10:48:00] "OPTIONS /api/categories HTTP/1.1" 200 -
127.0.0.1 - - [24/Apr/2026 10:48:00] "GET /api/categories HTTP/1.1" 200 -
