 
 -------------- celery@manjaro v5.3.6 (emerald-rush)
--- ***** ----- 
-- ******* ---- Linux-6.12.77-1-MANJARO-x86_64-with-glibc2.43 2026-04-23 20:07:41
- *** --- * --- 
- ** ---------- [config]
- ** ---------- .> app:         app:0x7f45ac4fcec0
- ** ---------- .> transport:   redis://localhost:6379/1
- ** ---------- .> results:     redis://localhost:6379/2
- *** --- * --- .> concurrency: 8 (prefork)
-- ******* ---- .> task events: OFF (enable -E to monitor tasks in this worker)
--- ***** ----- 
 -------------- [queues]
                .> celery           exchange=celery(direct) key=celery
                

[tasks]
  . app.create_product_csv
  . application.tasks.daily_reminder
  . application.tasks.monthly_report

[2026-04-23 20:07:42,039: INFO/MainProcess] Connected to redis://localhost:6379/1
[2026-04-23 20:07:42,040: INFO/MainProcess] mingle: searching for neighbors
[2026-04-23 20:07:43,046: INFO/MainProcess] mingle: all alone
[2026-04-23 20:07:43,080: INFO/MainProcess] celery@manjaro ready.
[2026-04-23 20:09:18,939: INFO/MainProcess] Task app.create_product_csv[23f260e1-b728-4a46-816c-e7d75870a163] received
[2026-04-23 20:09:18,986: WARNING/ForkPoolWorker-7] start_column is ignored
[2026-04-23 20:09:18,986: WARNING/ForkPoolWorker-7] column_limit is ignored
[2026-04-23 20:09:18,986: WARNING/ForkPoolWorker-7] skip_column_func is ignored
[2026-04-23 20:09:18,997: INFO/ForkPoolWorker-7] Task app.create_product_csv[23f260e1-b728-4a46-816c-e7d75870a163] succeeded in 0.056877049999457086s: 'products.csv'

worker: Warm shutdown (MainProcess)
[2026-04-23 20:14:59,659: WARNING/MainProcess] Traceback (most recent call last):
[2026-04-23 20:14:59,660: WARNING/MainProcess]   File "/usr/lib/python3.14/multiprocessing/util.py", line 371, in _run_finalizers
    finalizer()
    ~~~~~~~~~^^
[2026-04-23 20:14:59,660: WARNING/MainProcess]   File "/usr/lib/python3.14/multiprocessing/util.py", line 295, in __call__
    res = self._callback(*self._args, **self._kwargs)
[2026-04-23 20:14:59,660: WARNING/MainProcess]   File "/home/pranam/Desktop/Projects/GROCERY PRESENT/Grocery-Store-V2/backend/.venv/lib/python3.14/site-packages/billiard/pool.py", line 1659, in _terminate_pool
    cls._help_stuff_finish(*help_stuff_finish_args)
    ~~~~~~~~~~~~~~~~~~~~~~^^^^^^^^^^^^^^^^^^^^^^^^^
[2026-04-23 20:14:59,660: WARNING/MainProcess]   File "/home/pranam/Desktop/Projects/GROCERY PRESENT/Grocery-Store-V2/backend/.venv/lib/python3.14/site-packages/celery/concurrency/asynpool.py", line 1355, in _help_stuff_finish
    fileno_to_proc[fd].inq._reader.recv()
    ~~~~~~~~~~~~~~~~~~~~~~~~~~~~~~~~~~~^^
[2026-04-23 20:14:59,660: WARNING/MainProcess]   File "/home/pranam/Desktop/Projects/GROCERY PRESENT/Grocery-Store-V2/backend/.venv/lib/python3.14/site-packages/billiard/connection.py", line 276, in recv
    return ForkingPickler.loadbuf(buf)
           ~~~~~~~~~~~~~~~~~~~~~~^^^^^
[2026-04-23 20:14:59,660: WARNING/MainProcess]   File "/home/pranam/Desktop/Projects/GROCERY PRESENT/Grocery-Store-V2/backend/.venv/lib/python3.14/site-packages/billiard/reduction.py", line 60, in loadbuf
    return cls.loads(buf.getbuffer())
           ~~~~~~~~~^^^^^^^^^^^^^^^^^
[2026-04-23 20:14:59,660: WARNING/MainProcess] EOFError: Ran out of input
